<?xml version="1.0" encoding="UTF-8"?>
<robot generator="Robot 6.1 (Python 3.11.4 on win32)" generated="20230628 15:43:41.570" rpa="false" schemaversion="4">
<suite id="s1" name="Prof" source="C:\Users\andre\Documents\Programação\CTD\4_bimestre\Testing\professor\prof.robot">
<test id="s1-t1" name="Processo de compra na loja SauceDemo" line="6">
<kw name="Acessar a loja SauceDemo" library="prof">
<kw name="Open Browser" library="SeleniumLibrary">
<arg>${SITE}</arg>
<arg>${NAVEGADOR}</arg>
<doc>Opens a new browser instance to the optional ``url``.</doc>
<msg timestamp="20230628 15:43:42.406" level="INFO">Opening browser 'Chrome' to base url 'https://www.saucedemo.com/'.</msg>
<status status="PASS" starttime="20230628 15:43:42.386" endtime="20230628 15:43:55.156"/>
</kw>
<kw name="Maximize Browser Window" library="SeleniumLibrary">
<doc>Maximizes current browser window.</doc>
<status status="PASS" starttime="20230628 15:43:55.157" endtime="20230628 15:43:55.180"/>
</kw>
<status status="PASS" starttime="20230628 15:43:42.384" endtime="20230628 15:43:55.181"/>
</kw>
<kw name="Fazer Login" library="prof">
<kw name="Input Text" library="SeleniumLibrary">
<arg>${CAMPO_USUARIO}</arg>
<arg>${USUARIO}</arg>
<doc>Types the given ``text`` into the text field identified by ``locator``.</doc>
<msg timestamp="20230628 15:43:55.196" level="INFO">Typing text 'standard_user' into text field 'id=user-name'.</msg>
<status status="PASS" starttime="20230628 15:43:55.190" endtime="20230628 15:43:57.223"/>
</kw>
<kw name="Input Text" library="SeleniumLibrary">
<arg>${CAMPO_SENHA}</arg>
<arg>${SENHA}</arg>
<doc>Types the given ``text`` into the text field identified by ``locator``.</doc>
<msg timestamp="20230628 15:43:57.225" level="INFO">Typing text 'secret_sauce' into text field 'id=password'.</msg>
<status status="PASS" starttime="20230628 15:43:57.223" endtime="20230628 15:43:58.056"/>
</kw>
<kw name="Click Element" library="SeleniumLibrary">
<arg>${BOTAO_LOGIN}</arg>
<doc>Click the element identified by ``locator``.</doc>
<msg timestamp="20230628 15:43:58.058" level="INFO">Clicking element 'id=login-button'.</msg>
<status status="PASS" starttime="20230628 15:43:58.056" endtime="20230628 15:43:59.072"/>
</kw>
<status status="PASS" starttime="20230628 15:43:55.189" endtime="20230628 15:43:59.072"/>
</kw>
<kw name="Selecionar Produto" library="prof">
<kw name="Click Element" library="SeleniumLibrary">
<arg>${PRODUTO}</arg>
<doc>Click the element identified by ``locator``.</doc>
<msg timestamp="20230628 15:43:59.078" level="INFO">Clicking element 'id=add-to-cart-sauce-labs-bike-light'.</msg>
<status status="PASS" starttime="20230628 15:43:59.077" endtime="20230628 15:43:59.531"/>
</kw>
<status status="PASS" starttime="20230628 15:43:59.076" endtime="20230628 15:43:59.532"/>
</kw>
<kw name="Checar carrinho" library="prof">
<kw name="Click Element" library="SeleniumLibrary">
<arg>${CARRINHO}</arg>
<doc>Click the element identified by ``locator``.</doc>
<msg timestamp="20230628 15:43:59.544" level="INFO">Clicking element 'css=.shopping_cart_link'.</msg>
<status status="PASS" starttime="20230628 15:43:59.542" endtime="20230628 15:43:59.940"/>
</kw>
<status status="PASS" starttime="20230628 15:43:59.540" endtime="20230628 15:43:59.940"/>
</kw>
<kw name="Concluir Compra" library="prof">
<kw name="Click Element" library="SeleniumLibrary">
<arg>${CHECKOUT}</arg>
<doc>Click the element identified by ``locator``.</doc>
<msg timestamp="20230628 15:43:59.944" level="INFO">Clicking element 'id=checkout'.</msg>
<status status="PASS" starttime="20230628 15:43:59.942" endtime="20230628 15:44:00.501"/>
</kw>
<status status="PASS" starttime="20230628 15:43:59.941" endtime="20230628 15:44:00.501"/>
</kw>
<kw name="Informar dados pessoais" library="prof">
<kw name="Input Text" library="SeleniumLibrary">
<arg>${CAMPO_NOME}</arg>
<arg>${NOME}</arg>
<doc>Types the given ``text`` into the text field identified by ``locator``.</doc>
<msg timestamp="20230628 15:44:00.508" level="INFO">Typing text 'Benjamin' into text field 'id=first-name'.</msg>
<status status="PASS" starttime="20230628 15:44:00.506" endtime="20230628 15:44:01.447"/>
</kw>
<kw name="Input Text" library="SeleniumLibrary">
<arg>${CAMPO_SOBRENOME}</arg>
<arg>${SOBRENOME}</arg>
<doc>Types the given ``text`` into the text field identified by ``locator``.</doc>
<msg timestamp="20230628 15:44:01.450" level="INFO">Typing text 'Macedo' into text field 'id=last-name'.</msg>
<status status="PASS" starttime="20230628 15:44:01.447" endtime="20230628 15:44:02.006"/>
</kw>
<kw name="Input Text" library="SeleniumLibrary">
<arg>${CAMPO_ZIPCODE}</arg>
<arg>${ZIPCODE}</arg>
<doc>Types the given ``text`` into the text field identified by ``locator``.</doc>
<msg timestamp="20230628 15:44:02.008" level="INFO">Typing text '11070160' into text field 'id=postal-code'.</msg>
<status status="PASS" starttime="20230628 15:44:02.006" endtime="20230628 15:44:02.806"/>
</kw>
<kw name="Click Element" library="SeleniumLibrary">
<arg>${CONTINUAR}</arg>
<doc>Click the element identified by ``locator``.</doc>
<msg timestamp="20230628 15:44:02.807" level="INFO">Clicking element 'id=continue'.</msg>
<status status="PASS" starttime="20230628 15:44:02.806" endtime="20230628 15:44:03.143"/>
</kw>
<status status="PASS" starttime="20230628 15:44:00.506" endtime="20230628 15:44:03.143"/>
</kw>
<kw name="Encerrar Operação" library="prof">
<kw name="Click Element" library="SeleniumLibrary">
<arg>${FINISH}</arg>
<doc>Click the element identified by ``locator``.</doc>
<msg timestamp="20230628 15:44:03.208" level="INFO">Clicking element 'id=finish'.</msg>
<status status="PASS" starttime="20230628 15:44:03.204" endtime="20230628 15:44:03.640"/>
</kw>
<kw name="Close Browser" library="SeleniumLibrary">
<doc>Closes the current browser.</doc>
<status status="PASS" starttime="20230628 15:44:03.640" endtime="20230628 15:44:16.204"/>
</kw>
<status status="PASS" starttime="20230628 15:44:03.192" endtime="20230628 15:44:16.204"/>
</kw>
<status status="PASS" starttime="20230628 15:43:42.379" endtime="20230628 15:44:16.205"/>
</test>
<status status="PASS" starttime="20230628 15:43:41.575" endtime="20230628 15:44:16.209"/>
</suite>
<statistics>
<total>
<stat pass="1" fail="0" skip="0">All Tests</stat>
</total>
<tag>
</tag>
<suite>
<stat pass="1" fail="0" skip="0" id="s1" name="Prof">Prof</stat>
</suite>
</statistics>
<errors>
</errors>
</robot>
